kotlin version: 2.0.0
error message: org.jetbrains.kotlin.backend.common.BackendException: Backend Internal error: Exception during IR lowering
File being compiled: C:/Users/Rishabh Trivedi/Documents/project/Space-Thought/data/src/main/java/com/example/data/network/request/feed/FeedUploadApi.kt
The root cause java.lang.RuntimeException was thrown at: org.jetbrains.kotlin.backend.jvm.codegen.FunctionCodegen.generate(FunctionCodegen.kt:50)
	at org.jetbrains.kotlin.backend.common.CodegenUtil.reportBackendException(CodegenUtil.kt:253)
	at org.jetbrains.kotlin.backend.common.CodegenUtil.reportBackendException$default(CodegenUtil.kt:236)
	at org.jetbrains.kotlin.backend.common.phaser.PerformByIrFilePhase.invokeSequential(performByIrFile.kt:65)
	at org.jetbrains.kotlin.backend.common.phaser.PerformByIrFilePhase.invoke(performByIrFile.kt:52)
	at org.jetbrains.kotlin.backend.common.phaser.PerformByIrFilePhase.invoke(performByIrFile.kt:38)
	at org.jetbrains.kotlin.backend.common.phaser.NamedCompilerPhase.phaseBody(CompilerPhase.kt:166)
	at org.jetbrains.kotlin.backend.common.phaser.AbstractNamedCompilerPhase.invoke(CompilerPhase.kt:113)
	at org.jetbrains.kotlin.backend.common.phaser.CompositePhase.invoke(PhaseBuilders.kt:29)
	at org.jetbrains.kotlin.backend.common.phaser.CompositePhase.invoke(PhaseBuilders.kt:16)
	at org.jetbrains.kotlin.backend.common.phaser.NamedCompilerPhase.phaseBody(CompilerPhase.kt:166)
	at org.jetbrains.kotlin.backend.common.phaser.AbstractNamedCompilerPhase.invoke(CompilerPhase.kt:113)
	at org.jetbrains.kotlin.backend.common.phaser.CompilerPhaseKt.invokeToplevel(CompilerPhase.kt:62)
	at org.jetbrains.kotlin.backend.jvm.JvmIrCodegenFactory.invokeCodegen(JvmIrCodegenFactory.kt:371)
	at org.jetbrains.kotlin.codegen.CodegenFactory.generateModule(CodegenFactory.kt:47)
	at org.jetbrains.kotlin.backend.jvm.JvmIrCodegenFactory.generateModuleInFrontendIRMode(JvmIrCodegenFactory.kt:433)
	at org.jetbrains.kotlin.cli.jvm.compiler.pipeline.JvmCompilerPipelineKt.generateCodeFromIr(jvmCompilerPipeline.kt:241)
	at org.jetbrains.kotlin.cli.jvm.compiler.pipeline.JvmCompilerPipelineKt.compileModulesUsingFrontendIrAndLightTree(jvmCompilerPipeline.kt:140)
	at org.jetbrains.kotlin.cli.jvm.K2JVMCompiler.doExecute(K2JVMCompiler.kt:155)
	at org.jetbrains.kotlin.cli.jvm.K2JVMCompiler.doExecute(K2JVMCompiler.kt:50)
	at org.jetbrains.kotlin.cli.common.CLICompiler.execImpl(CLICompiler.kt:104)
	at org.jetbrains.kotlin.cli.common.CLICompiler.execImpl(CLICompiler.kt:48)
	at org.jetbrains.kotlin.cli.common.CLITool.exec(CLITool.kt:101)
	at org.jetbrains.kotlin.incremental.IncrementalJvmCompilerRunner.runCompiler(IncrementalJvmCompilerRunner.kt:453)
	at org.jetbrains.kotlin.incremental.IncrementalJvmCompilerRunner.runCompiler(IncrementalJvmCompilerRunner.kt:62)
	at org.jetbrains.kotlin.incremental.IncrementalCompilerRunner.doCompile(IncrementalCompilerRunner.kt:506)
	at org.jetbrains.kotlin.incremental.IncrementalCompilerRunner.compileImpl(IncrementalCompilerRunner.kt:423)
	at org.jetbrains.kotlin.incremental.IncrementalCompilerRunner.tryCompileIncrementally$lambda$9$compile(IncrementalCompilerRunner.kt:249)
	at org.jetbrains.kotlin.incremental.IncrementalCompilerRunner.tryCompileIncrementally(IncrementalCompilerRunner.kt:267)
	at org.jetbrains.kotlin.incremental.IncrementalCompilerRunner.compile(IncrementalCompilerRunner.kt:120)
	at org.jetbrains.kotlin.daemon.CompileServiceImplBase.execIncrementalCompiler(CompileServiceImpl.kt:676)
	at org.jetbrains.kotlin.daemon.CompileServiceImplBase.access$execIncrementalCompiler(CompileServiceImpl.kt:92)
	at org.jetbrains.kotlin.daemon.CompileServiceImpl.compile(CompileServiceImpl.kt:1661)
	at java.base/jdk.internal.reflect.DirectMethodHandleAccessor.invoke(Unknown Source)
	at java.base/java.lang.reflect.Method.invoke(Unknown Source)
	at java.rmi/sun.rmi.server.UnicastServerRef.dispatch(Unknown Source)
	at java.rmi/sun.rmi.transport.Transport$1.run(Unknown Source)
	at java.rmi/sun.rmi.transport.Transport$1.run(Unknown Source)
	at java.base/java.security.AccessController.doPrivileged(Unknown Source)
	at java.rmi/sun.rmi.transport.Transport.serviceCall(Unknown Source)
	at java.rmi/sun.rmi.transport.tcp.TCPTransport.handleMessages(Unknown Source)
	at java.rmi/sun.rmi.transport.tcp.TCPTransport$ConnectionHandler.run0(Unknown Source)
	at java.rmi/sun.rmi.transport.tcp.TCPTransport$ConnectionHandler.lambda$run$0(Unknown Source)
	at java.base/java.security.AccessController.doPrivileged(Unknown Source)
	at java.rmi/sun.rmi.transport.tcp.TCPTransport$ConnectionHandler.run(Unknown Source)
	at java.base/java.util.concurrent.ThreadPoolExecutor.runWorker(Unknown Source)
	at java.base/java.util.concurrent.ThreadPoolExecutor$Worker.run(Unknown Source)
	at java.base/java.lang.Thread.run(Unknown Source)
Caused by: java.lang.RuntimeException: Exception while generating code for:
FUN name:uploadFeed visibility:public modality:FINAL <> ($this:com.example.data.network.request.feed.FeedUploadApi, thought:kotlin.String, image:java.io.File, $completion:kotlin.coroutines.Continuation<com.example.business.ApiResponse<kotlin.Unit>>) returnType:kotlin.Any? [suspend]
  $this: VALUE_PARAMETER name:<this> type:com.example.data.network.request.feed.FeedUploadApi
  VALUE_PARAMETER name:thought index:0 type:kotlin.String
  VALUE_PARAMETER name:image index:1 type:java.io.File
  VALUE_PARAMETER CONTINUATION_CLASS name:$completion index:2 type:kotlin.coroutines.Continuation<com.example.business.ApiResponse<kotlin.Unit>>
  BLOCK_BODY
    CLASS CONTINUATION_CLASS CLASS name:<Continuation> modality:FINAL visibility:public/*package*/ superTypes:[kotlin.coroutines.jvm.internal.ContinuationImpl]
      $this: VALUE_PARAMETER INSTANCE_RECEIVER name:<this> type:com.example.data.network.request.feed.FeedUploadApi.uploadFeed.<Continuation>
      FIELD CONTINUATION_CLASS_RESULT_FIELD name:result type:kotlin.Result<kotlin.Any?> visibility:public/*package*/
      FIELD FIELD_FOR_OUTER_THIS name:this$0 type:com.example.data.network.request.feed.FeedUploadApi visibility:public/*package*/ [final]
      FIELD name:label type:kotlin.Int visibility:public/*package*/
      CONSTRUCTOR visibility:public/*package*/ <> (this$0:com.example.data.network.request.feed.FeedUploadApi, $completion:kotlin.coroutines.Continuation<com.example.data.network.request.feed.FeedUploadApi.uploadFeed.<Continuation>>?) returnType:com.example.data.network.request.feed.FeedUploadApi.uploadFeed.<Continuation> [primary]
        VALUE_PARAMETER name:this$0 index:0 type:com.example.data.network.request.feed.FeedUploadApi
        VALUE_PARAMETER name:$completion index:1 type:kotlin.coroutines.Continuation<com.example.data.network.request.feed.FeedUploadApi.uploadFeed.<Continuation>>?
        BLOCK_BODY
          SET_FIELD 'FIELD FIELD_FOR_OUTER_THIS name:this$0 type:com.example.data.network.request.feed.FeedUploadApi visibility:public/*package*/ [final]' type=kotlin.Unit origin=null
            receiver: GET_VAR '<this>: com.example.data.network.request.feed.FeedUploadApi.uploadFeed.<Continuation> declared in com.example.data.network.request.feed.FeedUploadApi.uploadFeed.<Continuation>' type=com.example.data.network.request.feed.FeedUploadApi.uploadFeed.<Continuation> origin=null
            value: GET_VAR 'this$0: com.example.data.network.request.feed.FeedUploadApi declared in com.example.data.network.request.feed.FeedUploadApi.uploadFeed.<Continuation>.<init>' type=com.example.data.network.request.feed.FeedUploadApi origin=null
          DELEGATING_CONSTRUCTOR_CALL 'public constructor <init> ($completion: kotlin.coroutines.Continuation<kotlin.Any?>?) declared in kotlin.coroutines.jvm.internal.ContinuationImpl'
            $completion: GET_VAR '$completion: kotlin.coroutines.Continuation<com.example.data.network.request.feed.FeedUploadApi.uploadFeed.<Continuation>>? declared in com.example.data.network.request.feed.FeedUploadApi.uploadFeed.<Continuation>.<init>' type=kotlin.coroutines.Continuation<com.example.data.network.request.feed.FeedUploadApi.uploadFeed.<Continuation>>? origin=null
      FUN name:invokeSuspend visibility:public modality:FINAL <> ($this:com.example.data.network.request.feed.FeedUploadApi.uploadFeed.<Continuation>, $result:kotlin.Result<kotlin.Any?>) returnType:kotlin.Any?
        overridden:
          public abstract fun invokeSuspend ($result: kotlin.Result<kotlin.Any?>): kotlin.Any? declared in kotlin.coroutines.jvm.internal.ContinuationImpl
        $this: VALUE_PARAMETER INSTANCE_RECEIVER name:<this> type:com.example.data.network.request.feed.FeedUploadApi.uploadFeed.<Continuation>
        VALUE_PARAMETER name:$result index:0 type:kotlin.Result<kotlin.Any?>
        BLOCK_BODY
          SET_FIELD 'FIELD CONTINUATION_CLASS_RESULT_FIELD name:result type:kotlin.Result<kotlin.Any?> visibility:public/*package*/' type=kotlin.Unit origin=null
            receiver: GET_VAR '<this>: com.example.data.network.request.feed.FeedUploadApi.uploadFeed.<Continuation> declared in com.example.data.network.request.feed.FeedUploadApi.uploadFeed.<Continuation>.invokeSuspend' type=com.example.data.network.request.feed.FeedUploadApi.uploadFeed.<Continuation> origin=null
            value: GET_VAR '$result: kotlin.Result<kotlin.Any?> declared in com.example.data.network.request.feed.FeedUploadApi.uploadFeed.<Continuation>.invokeSuspend' type=kotlin.Result<kotlin.Any?> origin=null
          SET_FIELD 'FIELD name:label type:kotlin.Int visibility:public/*package*/' type=kotlin.Unit origin=null
            receiver: GET_VAR '<this>: com.example.data.network.request.feed.FeedUploadApi.uploadFeed.<Continuation> declared in com.example.data.network.request.feed.FeedUploadApi.uploadFeed.<Continuation>.invokeSuspend' type=com.example.data.network.request.feed.FeedUploadApi.uploadFeed.<Continuation> origin=null
            value: CALL 'public final fun or (other: kotlin.Int): kotlin.Int [infix] declared in kotlin.Int' type=kotlin.Int origin=null
              $this: GET_FIELD 'FIELD name:label type:kotlin.Int visibility:public/*package*/' type=kotlin.Int origin=null
                receiver: GET_VAR '<this>: com.example.data.network.request.feed.FeedUploadApi.uploadFeed.<Continuation> declared in com.example.data.network.request.feed.FeedUploadApi.uploadFeed.<Continuation>.invokeSuspend' type=com.example.data.network.request.feed.FeedUploadApi.uploadFeed.<Continuation> origin=null
              other: CONST Int type=kotlin.Int value=-2147483648
          RETURN type=kotlin.Nothing from='public final fun invokeSuspend ($result: kotlin.Result<kotlin.Any?>): kotlin.Any? declared in com.example.data.network.request.feed.FeedUploadApi.uploadFeed.<Continuation>'
            CALL 'public final fun uploadFeed (thought: kotlin.String, image: java.io.File, $completion: kotlin.coroutines.Continuation<com.example.business.ApiResponse<kotlin.Unit>>): kotlin.Any? [suspend] declared in com.example.data.network.request.feed.FeedUploadApi' type=kotlin.Any? origin=null
              $this: GET_FIELD 'FIELD FIELD_FOR_OUTER_THIS name:this$0 type:com.example.data.network.request.feed.FeedUploadApi visibility:public/*package*/ [final]' type=com.example.data.network.request.feed.FeedUploadApi origin=null
                receiver: GET_VAR '<this>: com.example.data.network.request.feed.FeedUploadApi.uploadFeed.<Continuation> declared in com.example.data.network.request.feed.FeedUploadApi.uploadFeed.<Continuation>.invokeSuspend' type=com.example.data.network.request.feed.FeedUploadApi.uploadFeed.<Continuation> origin=null
              thought: CONST Null type=kotlin.String? value=null
              image: CONST Null type=java.io.File? value=null
              $completion: GET_VAR '<this>: com.example.data.network.request.feed.FeedUploadApi.uploadFeed.<Continuation> declared in com.example.data.network.request.feed.FeedUploadApi.uploadFeed.<Continuation>.invokeSuspend' type=com.example.data.network.request.feed.FeedUploadApi.uploadFeed.<Continuation> origin=null
    RETURN type=kotlin.Nothing from='public final fun uploadFeed (thought: kotlin.String, image: java.io.File, $completion: kotlin.coroutines.Continuation<com.example.business.ApiResponse<kotlin.Unit>>): kotlin.Any? [suspend] declared in com.example.data.network.request.feed.FeedUploadApi'
      TRY type=com.example.business.ApiResponse<kotlin.Unit>
        try: BLOCK type=com.example.business.ApiResponse.Success<kotlin.Unit> origin=null
          COMPOSITE type=kotlin.Unit origin=null
            CALL 'public open fun makeText (p0: @[FlexibleNullability] android.content.Context?, p1: @[FlexibleNullability] kotlin.CharSequence?, p2: kotlin.Int): @[FlexibleNullability] android.widget.Toast? declared in android.widget.Toast' type=@[FlexibleNullability] android.widget.Toast? origin=null
              p0: CALL 'public final fun <get-current> (): T of androidx.compose.runtime.CompositionLocal [inline] declared in androidx.compose.runtime.CompositionLocal' type=android.content.Context origin=GET_PROPERTY
                $this: TYPE_OP type=androidx.compose.runtime.CompositionLocal<T of androidx.compose.runtime.CompositionLocal> origin=IMPLICIT_CAST typeOperand=androidx.compose.runtime.CompositionLocal<T of androidx.compose.runtime.CompositionLocal>
                  CALL 'public final fun <get-LocalContext> (): androidx.compose.runtime.ProvidableCompositionLocal<android.content.Context> declared in androidx.compose.ui.platform.AndroidCompositionLocals_androidKt' type=androidx.compose.runtime.ProvidableCompositionLocal<android.content.Context> origin=GET_PROPERTY
              p1: CONST String type=kotlin.String value="hii i am called"
              p2: CONST Int type=kotlin.Int value=1
            COMPOSITE type=kotlin.Unit origin=null
          COMPOSITE type=kotlin.Unit origin=null
            CALL 'public final fun submitFormWithBinaryData$default (url: kotlin.String, formData: kotlin.collections.List<io.ktor.http.content.PartData>, block: @[ExtensionFunctionType] kotlin.Function1<io.ktor.client.request.HttpRequestBuilder, kotlin.Unit>?, $completion: kotlin.coroutines.Continuation<io.ktor.client.statement.HttpResponse>, $mask0: kotlin.Int, $handler: kotlin.Any?): kotlin.Any? [inline,suspend] declared in io.ktor.client.request.forms.FormBuildersKt' type=io.ktor.client.statement.HttpResponse origin=DEFAULT_DISPATCH_CALL
              $receiver: GET_FIELD 'FIELD PROPERTY_BACKING_FIELD name:client type:io.ktor.client.HttpClient visibility:private [final]' type=io.ktor.client.HttpClient origin=null
                receiver: GET_VAR '<this>: com.example.data.network.request.feed.FeedUploadApi declared in com.example.data.network.request.feed.FeedUploadApi.uploadFeed' type=com.example.data.network.request.feed.FeedUploadApi origin=null
              url: CONST String type=kotlin.String value="http://10.192.212.19:5000/api/post/upload"
              formData: CALL 'public final fun formData (block: @[ExtensionFunctionType] kotlin.Function1<io.ktor.client.request.forms.FormBuilder, kotlin.Unit>): kotlin.collections.List<io.ktor.http.content.PartData> declared in io.ktor.client.request.forms.FormDslKt' type=kotlin.collections.List<io.ktor.http.content.PartData> origin=null
                block: BLOCK type=@[ExtensionFunctionType] kotlin.Function1<io.ktor.client.request.forms.FormBuilder, kotlin.Unit> origin=LAMBDA
                  COMPOSITE type=kotlin.Unit origin=null
                  CALL 'public final fun <jvm-indy> <T> (dynamicCall: T of kotlin.jvm.internal.<jvm-indy>, bootstrapMethodHandle: kotlin.Any, vararg bootstrapMethodArguments: kotlin.Any): T of kotlin.jvm.internal.<jvm-indy> declared in kotlin.jvm.internal' type=@[ExtensionFunctionType] kotlin.Function1<io.ktor.client.request.forms.FormBuilder, kotlin.Unit> origin=null
                    <T>: @[ExtensionFunctionType] kotlin.Function1<io.ktor.client.request.forms.FormBuilder, kotlin.Unit>
                    dynamicCall: CALL 'public final fun invoke (p0: kotlin.String, p1: java.io.File): @[ExtensionFunctionType] kotlin.Function1<io.ktor.client.request.forms.FormBuilder, kotlin.Unit> declared in kotlin.jvm.internal.invokeDynamic' type=@[ExtensionFunctionType] kotlin.Function1<io.ktor.client.request.forms.FormBuilder, kotlin.Unit> origin=null
                      p0: GET_VAR 'thought: kotlin.String declared in com.example.data.network.request.feed.FeedUploadApi.uploadFeed' type=kotlin.String origin=null
                      p1: GET_VAR 'image: java.io.File declared in com.example.data.network.request.feed.FeedUploadApi.uploadFeed' type=java.io.File origin=null
                    bootstrapMethodHandle: CALL 'public final fun <jvm-method-handle> (tag: kotlin.Int, owner: kotlin.String, name: kotlin.String, descriptor: kotlin.String, isInterface: kotlin.Boolean): kotlin.Any declared in kotlin.jvm.internal' type=kotlin.Any origin=null
                      tag: CONST Int type=kotlin.Int value=6
                      owner: CONST String type=kotlin.String value="java/lang/invoke/LambdaMetafactory"
                      name: CONST String type=kotlin.String value="metafactory"
                      descriptor: CONST String type=kotlin.String value="(Ljava/lang/invoke/MethodHandles$Lookup;Ljava/lang/String;Ljava/lang/invoke/MethodType;Ljava/lang/invoke/MethodType;Ljava/lang/invoke/MethodHandle;Ljava/lang/invoke/MethodType;)Ljava/lang/invoke/CallSite;"
                      isInterface: CONST Boolean type=kotlin.Boolean value=false
                    bootstrapMethodArguments: VARARG type=kotlin.Array<kotlin.Any> varargElementType=kotlin.Any
                      CALL 'public final fun <jvm-original-method-type> (method: kotlin.Any): kotlin.Any declared in kotlin.jvm.internal' type=kotlin.Any origin=null
                        method: RAW_FUNCTION_REFERENCE 'public abstract fun invoke (p1: P1 of kotlin.Function1): R of kotlin.Function1 [operator] declared in kotlin.Function1' type=kotlin.Any
                      RAW_FUNCTION_REFERENCE 'private final fun uploadFeed$lambda$1 ($thought: kotlin.String, $image: java.io.File, $this$formData: io.ktor.client.request.forms.FormBuilder): kotlin.Unit? declared in com.example.data.network.request.feed.FeedUploadApi' type=kotlin.Any
                      CALL 'public final fun <jvm-original-method-type> (method: kotlin.Any): kotlin.Any declared in kotlin.jvm.internal' type=kotlin.Any origin=null
                        method: RAW_FUNCTION_REFERENCE 'public abstract fun invoke (p1: io.ktor.client.request.forms.FormBuilder): kotlin.Unit? [fake_override,operator] declared in kotlin.jvm.internal.invokeDynamic.<fake>' type=kotlin.Any
              block: COMPOSITE type=@[ExtensionFunctionType] kotlin.Function1<io.ktor.client.request.HttpRequestBuilder, kotlin.Unit>? origin=DEFAULT_VALUE
                CONST Null type=@[ExtensionFunctionType] kotlin.Function1<io.ktor.client.request.HttpRequestBuilder, kotlin.Unit>? value=null
              $completion: GET_VAR '$completion: kotlin.coroutines.Continuation<com.example.business.ApiResponse<kotlin.Unit>> declared in com.example.data.network.request.feed.FeedUploadApi.uploadFeed' type=kotlin.coroutines.Continuation<com.example.business.ApiResponse<kotlin.Unit>> origin=null
              $mask0: CONST Int type=kotlin.Int value=4
              $handler: CONST Null type=kotlin.Any? value=null
            COMPOSITE type=kotlin.Unit origin=null
          CONSTRUCTOR_CALL 'public constructor <init> (data: T of com.example.business.ApiResponse.Success) [primary] declared in com.example.business.ApiResponse.Success' type=com.example.business.ApiResponse.Success<kotlin.Unit> origin=null
            <class: T>: kotlin.Unit
            data: GET_FIELD 'FIELD FIELD_FOR_OBJECT_INSTANCE name:INSTANCE type:kotlin.Unit visibility:public [final,static]' type=kotlin.Unit origin=null
        CATCH parameter=val e: java.lang.Exception [val] declared in com.example.data.network.request.feed.FeedUploadApi.uploadFeed
          VAR CATCH_PARAMETER name:e type:java.lang.Exception [val]
          BLOCK type=com.example.business.ApiResponse.Error origin=null
            CONSTRUCTOR_CALL 'public constructor <init> (message: kotlin.String) [primary] declared in com.example.business.ApiResponse.Error' type=com.example.business.ApiResponse.Error origin=null
              message: BLOCK type=kotlin.String origin=FOLDED_ELVIS
                WHEN type=kotlin.String origin=FOLDED_ELVIS
                  BRANCH
                    if: COMPOSITE type=kotlin.Boolean origin=null
                      VAR IR_TEMPORARY_VARIABLE name:tmp0_elvis_lhs type:kotlin.String? [val]
                        CALL 'public open fun <get-message> (): kotlin.String? [fake_override] declared in java.lang.Exception' type=kotlin.String? origin=GET_PROPERTY
                          $this: GET_VAR 'val e: java.lang.Exception [val] declared in com.example.data.network.request.feed.FeedUploadApi.uploadFeed' type=java.lang.Exception origin=null
                      CALL 'public final fun not (): kotlin.Boolean [operator] declared in kotlin.Boolean' type=kotlin.Boolean origin=null
                        $this: CALL 'public final fun EQEQ (arg0: kotlin.Any?, arg1: kotlin.Any?): kotlin.Boolean declared in kotlin.internal.ir' type=kotlin.Boolean origin=null
                          arg0: GET_VAR 'val tmp0_elvis_lhs: kotlin.String? [val] declared in com.example.data.network.request.feed.FeedUploadApi.uploadFeed' type=kotlin.String? origin=null
                          arg1: CONST Null type=kotlin.Nothing? value=null
                    then: GET_VAR 'val tmp0_elvis_lhs: kotlin.String? [val] declared in com.example.data.network.request.feed.FeedUploadApi.uploadFeed' type=kotlin.String? origin=null
                  BRANCH
                    if: CONST Boolean type=kotlin.Boolean value=true
                    then: CONST String type=kotlin.String value="Upload failed"

	at org.jetbrains.kotlin.backend.jvm.codegen.FunctionCodegen.generate(FunctionCodegen.kt:50)
	at org.jetbrains.kotlin.backend.jvm.codegen.FunctionCodegen.generate$default(FunctionCodegen.kt:42)
	at org.jetbrains.kotlin.backend.jvm.codegen.ClassCodegen.generateMethodNode(ClassCodegen.kt:385)
	at org.jetbrains.kotlin.backend.jvm.codegen.ClassCodegen.generateMethod(ClassCodegen.kt:402)
	at org.jetbrains.kotlin.backend.jvm.codegen.ClassCodegen.generate(ClassCodegen.kt:169)
	at org.jetbrains.kotlin.backend.jvm.FileCodegen.lower(JvmPhases.kt:41)
	at org.jetbrains.kotlin.backend.common.phaser.PhaseBuildersKt.makeIrFilePhase$lambda$5(PhaseBuilders.kt:114)
	at org.jetbrains.kotlin.backend.common.phaser.PhaseBuildersKt$createSimpleNamedCompilerPhase$1.phaseBody(PhaseBuilders.kt:71)
	at org.jetbrains.kotlin.backend.common.phaser.SimpleNamedCompilerPhase.phaseBody(CompilerPhase.kt:226)
	at org.jetbrains.kotlin.backend.common.phaser.AbstractNamedCompilerPhase.invoke(CompilerPhase.kt:113)
	at org.jetbrains.kotlin.backend.common.phaser.PerformByIrFilePhase.invokeSequential(performByIrFile.kt:62)
	... 44 more
Caused by: org.jetbrains.kotlin.codegen.CompilationException: Back-end (JVM) Internal error: Couldn't inline method call: CALL 'public final fun <get-current> (): T of androidx.compose.runtime.CompositionLocal [inline] declared in androidx.compose.runtime.CompositionLocal' type=android.content.Context origin=GET_PROPERTY
Method: null
File is unknown
The root cause java.lang.IllegalStateException was thrown at: org.jetbrains.kotlin.codegen.inline.SourceCompilerForInlineKt.getMethodNode(SourceCompilerForInline.kt:118)
	at org.jetbrains.kotlin.codegen.inline.InlineCodegen.performInline(InlineCodegen.kt:65)
	at org.jetbrains.kotlin.backend.jvm.codegen.IrInlineCodegen.genInlineCall(IrInlineCodegen.kt:162)
	at org.jetbrains.kotlin.backend.jvm.codegen.IrInlineCallGenerator.genCall(IrInlineCallGenerator.kt:36)
	at org.jetbrains.kotlin.backend.jvm.codegen.ExpressionCodegen.visitCall(ExpressionCodegen.kt:647)
	at org.jetbrains.kotlin.backend.jvm.codegen.ExpressionCodegen.visitCall(ExpressionCodegen.kt:137)
	at org.jetbrains.kotlin.ir.expressions.IrCall.accept(IrCall.kt:24)
	at org.jetbrains.kotlin.backend.jvm.codegen.ExpressionCodegen.gen(ExpressionCodegen.kt:216)
	at org.jetbrains.kotlin.backend.jvm.codegen.IrCallGenerator.genValueAndPut(IrCallGenerator.kt:48)
	at org.jetbrains.kotlin.backend.jvm.codegen.ExpressionCodegen.visitCall$handleParameter(ExpressionCodegen.kt:610)
	at org.jetbrains.kotlin.backend.jvm.codegen.ExpressionCodegen.visitCall(ExpressionCodegen.kt:638)
	at org.jetbrains.kotlin.backend.jvm.codegen.ExpressionCodegen.visitCall(ExpressionCodegen.kt:137)
	at org.jetbrains.kotlin.ir.expressions.IrCall.accept(IrCall.kt:24)
	at org.jetbrains.kotlin.backend.jvm.codegen.ExpressionCodegen.visitStatementContainer(ExpressionCodegen.kt:573)
	at org.jetbrains.kotlin.backend.jvm.codegen.ExpressionCodegen.visitContainerExpression(ExpressionCodegen.kt:587)
	at org.jetbrains.kotlin.backend.jvm.codegen.ExpressionCodegen.visitContainerExpression(ExpressionCodegen.kt:137)
	at org.jetbrains.kotlin.ir.visitors.IrElementVisitor$DefaultImpls.visitComposite(IrElementVisitor.kt:125)
	at org.jetbrains.kotlin.backend.jvm.codegen.ExpressionCodegen.visitComposite(ExpressionCodegen.kt:137)
	at org.jetbrains.kotlin.backend.jvm.codegen.ExpressionCodegen.visitComposite(ExpressionCodegen.kt:137)
	at org.jetbrains.kotlin.ir.expressions.IrComposite.accept(IrComposite.kt:18)
	at org.jetbrains.kotlin.backend.jvm.codegen.ExpressionCodegen.visitStatementContainer(ExpressionCodegen.kt:573)
	at org.jetbrains.kotlin.backend.jvm.codegen.ExpressionCodegen.visitContainerExpression(ExpressionCodegen.kt:587)
	at org.jetbrains.kotlin.backend.jvm.codegen.ExpressionCodegen.visitContainerExpression(ExpressionCodegen.kt:137)
	at org.jetbrains.kotlin.ir.visitors.IrElementVisitor$DefaultImpls.visitBlock(IrElementVisitor.kt:122)
	at org.jetbrains.kotlin.backend.jvm.codegen.ExpressionCodegen.visitBlock(ExpressionCodegen.kt:407)
	at org.jetbrains.kotlin.backend.jvm.codegen.ExpressionCodegen.visitBlock(ExpressionCodegen.kt:137)
	at org.jetbrains.kotlin.ir.expressions.IrBlock.accept(IrBlock.kt:18)
	at org.jetbrains.kotlin.backend.jvm.codegen.ExpressionCodegen.visitTryWithInfo(ExpressionCodegen.kt:1333)
	at org.jetbrains.kotlin.backend.jvm.codegen.ExpressionCodegen.visitTry(ExpressionCodegen.kt:1324)
	at org.jetbrains.kotlin.backend.jvm.codegen.ExpressionCodegen.visitTry(ExpressionCodegen.kt:137)
	at org.jetbrains.kotlin.ir.expressions.IrTry.accept(IrTry.kt:26)
	at org.jetbrains.kotlin.backend.jvm.codegen.ExpressionCodegen.visitReturn(ExpressionCodegen.kt:1045)
	at org.jetbrains.kotlin.backend.jvm.codegen.ExpressionCodegen.visitReturn(ExpressionCodegen.kt:137)
	at org.jetbrains.kotlin.ir.expressions.IrReturn.accept(IrReturn.kt:24)
	at org.jetbrains.kotlin.backend.jvm.codegen.ExpressionCodegen.visitStatementContainer(ExpressionCodegen.kt:573)
	at org.jetbrains.kotlin.backend.jvm.codegen.ExpressionCodegen.visitBlockBody(ExpressionCodegen.kt:578)
	at org.jetbrains.kotlin.backend.jvm.codegen.ExpressionCodegen.visitBlockBody(ExpressionCodegen.kt:137)
	at org.jetbrains.kotlin.ir.expressions.IrBlockBody.accept(IrBlockBody.kt:20)
	at org.jetbrains.kotlin.backend.jvm.codegen.ExpressionCodegen.generate(ExpressionCodegen.kt:239)
	at org.jetbrains.kotlin.backend.jvm.codegen.FunctionCodegen.doGenerate(FunctionCodegen.kt:121)
	at org.jetbrains.kotlin.backend.jvm.codegen.FunctionCodegen.generate(FunctionCodegen.kt:46)
	... 54 more
Caused by: java.lang.IllegalStateException: couldn't find inline method Landroidx/compose/runtime/CompositionLocal;.getCurrent()Ljava/lang/Object;
	at org.jetbrains.kotlin.codegen.inline.SourceCompilerForInlineKt.getMethodNode(SourceCompilerForInline.kt:118)
	at org.jetbrains.kotlin.codegen.inline.SourceCompilerForInlineKt.loadCompiledInlineFunction(SourceCompilerForInline.kt:96)
	at org.jetbrains.kotlin.backend.jvm.codegen.IrSourceCompilerForInline.compileInlineFunction(IrSourceCompilerForInline.kt:91)
	at org.jetbrains.kotlin.codegen.inline.InlineCodegen.compileInline(InlineCodegen.kt:43)
	at org.jetbrains.kotlin.codegen.inline.InlineCodegen.performInline(InlineCodegen.kt:51)
	... 93 more


